# JRE version: Java(TM) SE Runtime Environment (17.0.12+8) (build 17.0.12+8-LTS-286)
# Java VM: Java HotSpot(TM) 64-Bit Server VM (17.0.12+8-LTS-286, mixed mode, sharing, tiered, compressed oops, compressed class ptrs, g1 gc, windows-amd64)
GC Precious Log:
 CPUs: 8 total, 8 available
 Memory: 12028M
 Large Page Support: Disabled
 NUMA Support: Disabled
 Compressed Oops: Enabled (Zero based)
 Heap Region Size: 4M
 Heap Min Capacity: 8M
 Heap Initial Capacity: 188M
 Heap Max Capacity: 8G
 Pre-touch: Disabled
 Parallel Workers: 8
 Concurrent Workers: 2
 Concurrent Refinement Workers: 8
 Periodic GC: Disabled
Heap:
 garbage-first heap   total 356352K, used 280020K [0x0000000600000000, 0x0000000800000000)
  region size 4096K, 1 young (4096K), 1 survivors (4096K)
 Metaspace       used 103726K, committed 105920K, reserved 1179648K
  class space    used 14523K, committed 15488K, reserved 1048576K
GC Heap History (20 events):
Event: 102.675 GC heap after
{Heap after GC invocations=56 (full 0):
 garbage-first heap   total 282624K, used 168913K [0x0000000600000000, 0x0000000800000000)
  region size 4096K, 2 young (8192K), 2 survivors (8192K)
 Metaspace       used 96468K, committed 98048K, reserved 1179648K
  class space    used 13448K, committed 14208K, reserved 1048576K
}
Event: 102.794 GC heap before
{Heap before GC invocations=56 (full 0):
 garbage-first heap   total 282624K, used 173009K [0x0000000600000000, 0x0000000800000000)
  region size 4096K, 3 young (12288K), 2 survivors (8192K)
 Metaspace       used 96532K, committed 98176K, reserved 1179648K
  class space    used 13460K, committed 14272K, reserved 1048576K
}
Event: 102.843 GC heap after
{Heap after GC invocations=57 (full 0):
 garbage-first heap   total 356352K, used 169993K [0x0000000600000000, 0x0000000800000000)
  region size 4096K, 1 young (4096K), 1 survivors (4096K)
 Metaspace       used 96532K, committed 98176K, reserved 1179648K
  class space    used 13460K, committed 14272K, reserved 1048576K
}
Event: 116.331 GC heap before
{Heap before GC invocations=57 (full 0):
 garbage-first heap   total 356352K, used 260105K [0x0000000600000000, 0x0000000800000000)
  region size 4096K, 23 young (94208K), 1 survivors (4096K)
 Metaspace       used 98617K, committed 100416K, reserved 1179648K
  class space    used 13758K, committed 14592K, reserved 1048576K
}
Event: 116.348 GC heap after
{Heap after GC invocations=58 (full 0):
 garbage-first heap   total 356352K, used 182016K [0x0000000600000000, 0x0000000800000000)
  region size 4096K, 3 young (12288K), 3 survivors (12288K)
 Metaspace       used 98617K, committed 100416K, reserved 1179648K
  class space    used 13758K, committed 14592K, reserved 1048576K
}
Event: 127.391 GC heap before
{Heap before GC invocations=59 (full 0):
 garbage-first heap   total 356352K, used 263936K [0x0000000600000000, 0x0000000800000000)
  region size 4096K, 23 young (94208K), 3 survivors (12288K)
 Metaspace       used 99504K, committed 101376K, reserved 1179648K
  class space    used 13892K, committed 14720K, reserved 1048576K
}
Event: 127.408 GC heap after
{Heap after GC invocations=60 (full 0):
 garbage-first heap   total 356352K, used 197951K [0x0000000600000000, 0x0000000800000000)
  region size 4096K, 3 young (12288K), 3 survivors (12288K)
 Metaspace       used 99504K, committed 101376K, reserved 1179648K
  class space    used 13892K, committed 14720K, reserved 1048576K
}
Event: 127.471 GC heap before
{Heap before GC invocations=60 (full 0):
 garbage-first heap   total 356352K, used 202047K [0x0000000600000000, 0x0000000800000000)
  region size 4096K, 4 young (16384K), 3 survivors (12288K)
 Metaspace       used 99580K, committed 101376K, reserved 1179648K
  class space    used 13908K, committed 14720K, reserved 1048576K
}
Event: 127.483 GC heap after
{Heap after GC invocations=61 (full 0):
 garbage-first heap   total 356352K, used 201466K [0x0000000600000000, 0x0000000800000000)
  region size 4096K, 1 young (4096K), 1 survivors (4096K)
 Metaspace       used 99580K, committed 101376K, reserved 1179648K
  class space    used 13908K, committed 14720K, reserved 1048576K
}
Event: 142.835 GC heap before
{Heap before GC invocations=61 (full 0):
 garbage-first heap   total 356352K, used 275194K [0x0000000600000000, 0x0000000800000000)
  region size 4096K, 18 young (73728K), 1 survivors (4096K)
 Metaspace       used 100139K, committed 102080K, reserved 1179648K
  class space    used 14002K, committed 14848K, reserved 1048576K
}
Event: 142.844 GC heap after
{Heap after GC invocations=62 (full 0):
 garbage-first heap   total 356352K, used 225606K [0x0000000600000000, 0x0000000800000000)
  region size 4096K, 3 young (12288K), 3 survivors (12288K)
 Metaspace       used 100139K, committed 102080K, reserved 1179648K
  class space    used 14002K, committed 14848K, reserved 1048576K
}
Event: 149.408 GC heap before
{Heap before GC invocations=62 (full 0):
 garbage-first heap   total 356352K, used 278854K [0x0000000600000000, 0x0000000800000000)
  region size 4096K, 16 young (65536K), 3 survivors (12288K)
 Metaspace       used 100955K, committed 102976K, reserved 1179648K
  class space    used 14145K, committed 15040K, reserved 1048576K
}
Event: 149.422 GC heap after
{Heap after GC invocations=63 (full 0):
 garbage-first heap   total 356352K, used 235766K [0x0000000600000000, 0x0000000800000000)
  region size 4096K, 2 young (8192K), 2 survivors (8192K)
 Metaspace       used 100955K, committed 102976K, reserved 1179648K
  class space    used 14145K, committed 15040K, reserved 1048576K
}
Event: 150.034 GC heap before
{Heap before GC invocations=63 (full 0):
 garbage-first heap   total 356352K, used 280822K [0x0000000600000000, 0x0000000800000000)
  region size 4096K, 13 young (53248K), 2 survivors (8192K)
 Metaspace       used 101203K, committed 103296K, reserved 1179648K
  class space    used 14174K, committed 15104K, reserved 1048576K
}
Event: 150.044 GC heap after
{Heap after GC invocations=64 (full 0):
 garbage-first heap   total 356352K, used 251650K [0x0000000600000000, 0x0000000800000000)
  region size 4096K, 2 young (8192K), 2 survivors (8192K)
 Metaspace       used 101203K, committed 103296K, reserved 1179648K
  class space    used 14174K, committed 15104K, reserved 1048576K
}
Event: 152.984 GC heap before
{Heap before GC invocations=64 (full 0):
 garbage-first heap   total 356352K, used 288514K [0x0000000600000000, 0x0000000800000000)
  region size 4096K, 11 young (45056K), 2 survivors (8192K)
 Metaspace       used 103388K, committed 105472K, reserved 1179648K
  class space    used 14472K, committed 15424K, reserved 1048576K
}
Event: 152.995 GC heap after
{Heap after GC invocations=65 (full 0):
 garbage-first heap   total 356352K, used 260152K [0x0000000600000000, 0x0000000800000000)
  region size 4096K, 2 young (8192K), 2 survivors (8192K)
 Metaspace       used 103388K, committed 105472K, reserved 1179648K
  class space    used 14472K, committed 15424K, reserved 1048576K
}
Event: 153.833 GC heap before
{Heap before GC invocations=65 (full 0):
 garbage-first heap   total 356352K, used 297016K [0x0000000600000000, 0x0000000800000000)
  region size 4096K, 10 young (40960K), 2 survivors (8192K)
 Metaspace       used 103586K, committed 105792K, reserved 1179648K
  class space    used 14499K, committed 15488K, reserved 1048576K
}
Event: 153.845 GC heap after
{Heap after GC invocations=66 (full 0):
 garbage-first heap   total 356352K, used 274571K [0x0000000600000000, 0x0000000800000000)
  region size 4096K, 2 young (8192K), 2 survivors (8192K)
 Metaspace       used 103586K, committed 105792K, reserved 1179648K
  class space    used 14499K, committed 15488K, reserved 1048576K
}
Event: 154.058 GC heap before
{Heap before GC invocations=66 (full 0):
 garbage-first heap   total 356352K, used 290955K [0x0000000600000000, 0x0000000800000000)
  region size 4096K, 7 young (28672K), 2 survivors (8192K)
 Metaspace       used 103726K, committed 105920K, reserved 1179648K
  class space    used 14523K, committed 15488K, reserved 1048576K
}

